2025-06-14 01:00:41 - city_builder.events - [32mINFO[0m - [INIT] Uruchomienie aplikacji | Data: window_size=1600x1000, map_size=60x60
2025-06-14 01:00:58 - city_builder.performance - [36mDEBUG[0m - Operation 'game_update' took 1.3830s | population=291, buildings=0
2025-06-14 01:01:15 - city_builder.performance - [36mDEBUG[0m - Operation 'game_update' took 2.8884s | population=328, buildings=1
2025-06-14 01:01:28 - city_builder.performance - [36mDEBUG[0m - Operation 'game_update' took 1.3785s | population=542, buildings=7
2025-06-14 01:01:43 - city_builder.performance - [36mDEBUG[0m - Operation 'game_update' took 1.3768s | population=728, buildings=12
2025-06-14 01:01:58 - city_builder.performance - [36mDEBUG[0m - Operation 'game_update' took 1.2726s | population=739, buildings=13
2025-06-14 01:02:13 - city_builder.performance - [36mDEBUG[0m - Operation 'game_update' took 1.3562s | population=749, buildings=13
2025-06-14 01:05:02 - city_builder.events - [32mINFO[0m - [INIT] Uruchomienie aplikacji | Data: window_size=1600x1000, map_size=60x60
2025-06-14 01:05:18 - city_builder.performance - [36mDEBUG[0m - Operation 'game_update' took 1.3238s | population=291, buildings=0
2025-06-14 01:05:36 - city_builder.performance - [36mDEBUG[0m - Operation 'game_update' took 4.0434s | population=292, buildings=0
2025-06-14 01:05:48 - city_builder.performance - [36mDEBUG[0m - Operation 'game_update' took 1.2572s | population=293, buildings=0
2025-06-14 01:06:03 - city_builder.performance - [36mDEBUG[0m - Operation 'game_update' took 1.3272s | population=294, buildings=0
2025-06-14 01:15:47 - city_builder.events - [32mINFO[0m - [INIT] Uruchomienie aplikacji | Data: window_size=1600x1000, map_size=60x60
2025-06-14 01:16:03 - city_builder.performance - [36mDEBUG[0m - Operation 'game_update' took 1.2879s | population=291, buildings=1
2025-06-14 01:16:20 - city_builder.performance - [36mDEBUG[0m - Operation 'game_update' took 3.2238s | population=292, buildings=1
2025-06-14 01:16:33 - city_builder.performance - [36mDEBUG[0m - Operation 'game_update' took 1.2568s | population=293, buildings=1
2025-06-14 01:16:48 - city_builder.performance - [36mDEBUG[0m - Operation 'game_update' took 1.2969s | population=294, buildings=2
2025-06-14 01:17:03 - city_builder.performance - [36mDEBUG[0m - Operation 'game_update' took 1.2499s | population=295, buildings=6
2025-06-14 01:17:19 - city_builder.performance - [36mDEBUG[0m - Operation 'game_update' took 1.3779s | population=402, buildings=10
2025-06-14 01:17:33 - city_builder.performance - [36mDEBUG[0m - Operation 'game_update' took 1.3721s | population=689, buildings=18
2025-06-14 01:17:48 - city_builder.events - [32mINFO[0m - [EVENT] Wydarzenie: Strajk Pracowników
2025-06-14 01:17:57 - city_builder.performance - [36mDEBUG[0m - Operation 'game_update' took 10.0802s | population=698, buildings=20
2025-06-14 01:18:03 - city_builder.performance - [36mDEBUG[0m - Operation 'game_update' took 1.1985s | population=707, buildings=20
2025-06-14 01:18:18 - city_builder.performance - [36mDEBUG[0m - Operation 'game_update' took 1.2376s | population=718, buildings=20
2025-06-14 01:18:34 - city_builder.performance - [36mDEBUG[0m - Operation 'game_update' took 1.2949s | population=726, buildings=25
2025-06-14 01:18:48 - city_builder.performance - [36mDEBUG[0m - Operation 'game_update' took 1.3687s | population=733, buildings=26
2025-06-14 01:19:03 - city_builder.performance - [36mDEBUG[0m - Operation 'game_update' took 1.3022s | population=742, buildings=26
2025-06-14 01:40:12 - city_builder.events - [32mINFO[0m - [INIT] Uruchomienie aplikacji | Data: window_size=1600x1000, map_size=60x60
2025-06-14 01:40:28 - city_builder.performance - [36mDEBUG[0m - Operation 'game_update' took 1.2339s | population=291, buildings=0
2025-06-14 01:40:45 - city_builder.performance - [36mDEBUG[0m - Operation 'game_update' took 2.7087s | population=292, buildings=0
2025-06-14 01:40:58 - city_builder.performance - [36mDEBUG[0m - Operation 'game_update' took 1.1917s | population=293, buildings=0
2025-06-14 01:41:13 - city_builder.performance - [36mDEBUG[0m - Operation 'game_update' took 1.1790s | population=329, buildings=1
2025-06-14 01:41:39 - city_builder.performance - [36mDEBUG[0m - Operation 'game_update' took 1.7446s | population=720, buildings=12
2025-06-14 01:42:00 - city_builder.performance - [36mDEBUG[0m - Operation 'game_update' took 3.8134s | population=1023, buildings=20
2025-06-14 01:42:14 - city_builder.performance - [36mDEBUG[0m - Operation 'game_update' took 1.2296s | population=1044, buildings=26
2025-06-14 01:42:28 - city_builder.events - [32mINFO[0m - [EVENT] Wydarzenie: Pożar w Dzielnicy
2025-06-14 01:42:32 - city_builder.performance - [36mDEBUG[0m - Operation 'game_update' took 4.9670s | population=1093, buildings=27
2025-06-14 01:42:43 - city_builder.performance - [36mDEBUG[0m - Operation 'game_update' took 1.2285s | population=1105, buildings=27
2025-06-14 01:42:58 - city_builder.performance - [36mDEBUG[0m - Operation 'game_update' took 1.2564s | population=1125, buildings=29
2025-06-14 01:43:14 - city_builder.performance - [36mDEBUG[0m - Operation 'game_update' took 1.2903s | population=1150, buildings=29
2025-06-14 01:43:29 - city_builder.performance - [36mDEBUG[0m - Operation 'game_update' took 1.3403s | population=1277, buildings=32
2025-06-14 01:43:43 - city_builder.performance - [36mDEBUG[0m - Operation 'game_update' took 1.2513s | population=1513, buildings=38
2025-06-14 01:43:59 - city_builder.performance - [36mDEBUG[0m - Operation 'game_update' took 1.3029s | population=1821, buildings=42
2025-06-14 01:44:14 - city_builder.performance - [36mDEBUG[0m - Operation 'game_update' took 1.2617s | population=1859, buildings=49
2025-06-14 01:44:28 - city_builder.events - [32mINFO[0m - [EVENT] Wydarzenie: Pożar w Dzielnicy
2025-06-14 01:44:35 - city_builder.performance - [36mDEBUG[0m - Operation 'game_update' took 7.4615s | population=1891, buildings=49
2025-06-14 01:44:43 - city_builder.performance - [36mDEBUG[0m - Operation 'game_update' took 1.2253s | population=1914, buildings=49
2025-06-14 01:44:58 - city_builder.performance - [36mDEBUG[0m - Operation 'game_update' took 1.2108s | population=1949, buildings=51
2025-06-14 01:45:14 - city_builder.performance - [36mDEBUG[0m - Operation 'game_update' took 1.3206s | population=1986, buildings=54
2025-06-14 01:45:29 - city_builder.performance - [36mDEBUG[0m - Operation 'game_update' took 1.2648s | population=2024, buildings=54
2025-06-14 01:45:44 - city_builder.performance - [36mDEBUG[0m - Operation 'game_update' took 1.4895s | population=2055, buildings=54
2025-06-14 01:45:59 - city_builder.performance - [36mDEBUG[0m - Operation 'game_update' took 1.3009s | population=2091, buildings=54
2025-06-14 01:46:14 - city_builder.performance - [36mDEBUG[0m - Operation 'game_update' took 1.2907s | population=2131, buildings=54
2025-06-14 01:46:28 - city_builder.events - [32mINFO[0m - [EVENT] Wydarzenie: Protest Mieszkańców
2025-06-14 01:46:58 - city_builder.performance - [36mDEBUG[0m - Operation 'game_update' took 30.9202s | population=2155, buildings=54
2025-06-14 01:47:14 - city_builder.performance - [36mDEBUG[0m - Operation 'game_update' took 1.3756s | population=2199, buildings=59
2025-06-14 01:47:29 - city_builder.performance - [36mDEBUG[0m - Operation 'game_update' took 1.3017s | population=2250, buildings=63
2025-06-14 01:47:44 - city_builder.performance - [36mDEBUG[0m - Operation 'game_update' took 1.2900s | population=2428, buildings=66
2025-06-14 01:47:59 - city_builder.performance - [36mDEBUG[0m - Operation 'game_update' took 1.2822s | population=2852, buildings=71
2025-06-14 01:50:40 - city_builder.events - [32mINFO[0m - [INIT] Uruchomienie aplikacji | Data: window_size=1600x1000, map_size=60x60
2025-06-14 01:50:57 - city_builder.performance - [36mDEBUG[0m - Operation 'game_update' took 1.3059s | population=291, buildings=5
2025-06-14 01:51:13 - city_builder.performance - [36mDEBUG[0m - Operation 'game_update' took 2.5637s | population=292, buildings=11
2025-06-14 01:51:27 - city_builder.performance - [36mDEBUG[0m - Operation 'game_update' took 1.2760s | population=293, buildings=16
2025-06-14 01:51:42 - city_builder.performance - [36mDEBUG[0m - Operation 'game_update' took 1.2909s | population=294, buildings=27
2025-06-14 01:51:57 - city_builder.performance - [36mDEBUG[0m - Operation 'game_update' took 1.2910s | population=295, buildings=34
2025-06-14 01:52:12 - city_builder.performance - [36mDEBUG[0m - Operation 'game_update' took 1.3652s | population=615, buildings=43
2025-06-14 01:52:29 - city_builder.performance - [36mDEBUG[0m - Operation 'game_update' took 2.8833s | population=978, buildings=53
2025-06-14 01:52:43 - city_builder.events - [32mINFO[0m - [EVENT] Wydarzenie: Protest Mieszkańców
2025-06-14 01:52:47 - city_builder.performance - [36mDEBUG[0m - Operation 'game_update' took 6.2951s | population=1210, buildings=59
2025-06-14 01:52:57 - city_builder.performance - [36mDEBUG[0m - Operation 'game_update' took 1.2556s | population=1421, buildings=64
2025-06-14 01:53:12 - city_builder.performance - [36mDEBUG[0m - Operation 'game_update' took 1.3791s | population=1461, buildings=72
2025-06-14 01:53:27 - city_builder.performance - [36mDEBUG[0m - Operation 'game_update' took 1.2889s | population=1495, buildings=76
2025-06-14 01:53:42 - city_builder.performance - [36mDEBUG[0m - Operation 'game_update' took 1.2616s | population=1533, buildings=78
2025-06-14 01:53:57 - city_builder.performance - [36mDEBUG[0m - Operation 'game_update' took 1.3427s | population=1570, buildings=85
2025-06-14 01:54:12 - city_builder.performance - [36mDEBUG[0m - Operation 'game_update' took 1.3529s | population=2396, buildings=96
2025-06-14 01:54:27 - city_builder.performance - [36mDEBUG[0m - Operation 'game_update' took 1.3788s | population=2441, buildings=96
2025-06-14 01:54:42 - city_builder.events - [32mINFO[0m - [EVENT] Wydarzenie: Fala Upałów
2025-06-14 01:54:44 - city_builder.performance - [36mDEBUG[0m - Operation 'game_update' took 3.8256s | population=2481, buildings=96
2025-06-14 01:54:57 - city_builder.performance - [36mDEBUG[0m - Operation 'game_update' took 1.3544s | population=2524, buildings=96
2025-06-14 01:55:12 - city_builder.performance - [36mDEBUG[0m - Operation 'game_update' took 1.3315s | population=2555, buildings=96
2025-06-14 01:55:27 - city_builder.performance - [36mDEBUG[0m - Operation 'game_update' took 1.3264s | population=2613, buildings=96
2025-06-14 01:55:42 - city_builder.performance - [36mDEBUG[0m - Operation 'game_update' took 1.2750s | population=2652, buildings=96
2025-06-14 01:55:57 - city_builder.performance - [36mDEBUG[0m - Operation 'game_update' took 1.2739s | population=2707, buildings=96
2025-06-14 01:56:12 - city_builder.performance - [36mDEBUG[0m - Operation 'game_update' took 1.3147s | population=2768, buildings=102
2025-06-14 01:56:27 - city_builder.performance - [36mDEBUG[0m - Operation 'game_update' took 1.3328s | population=2822, buildings=103
2025-06-14 01:56:42 - city_builder.events - [32mINFO[0m - [EVENT] Wydarzenie: Pożar w Dzielnicy
2025-06-14 01:56:46 - city_builder.performance - [36mDEBUG[0m - Operation 'game_update' took 5.7357s | population=2942, buildings=104
2025-06-14 01:56:57 - city_builder.performance - [36mDEBUG[0m - Operation 'game_update' took 1.2760s | population=2978, buildings=104
2025-06-14 01:57:12 - city_builder.performance - [36mDEBUG[0m - Operation 'game_update' took 1.2712s | population=3028, buildings=104
2025-06-14 01:57:27 - city_builder.performance - [36mDEBUG[0m - Operation 'game_update' took 1.2784s | population=3087, buildings=104
2025-06-14 01:57:47 - city_builder.performance - [36mDEBUG[0m - Operation 'game_update' took 6.2225s | population=3146, buildings=104
2025-06-14 01:57:57 - city_builder.performance - [36mDEBUG[0m - Operation 'game_update' took 1.2727s | population=3219, buildings=104
2025-06-14 01:58:12 - city_builder.performance - [36mDEBUG[0m - Operation 'game_update' took 1.3011s | population=3296, buildings=104
2025-06-14 01:58:27 - city_builder.performance - [36mDEBUG[0m - Operation 'game_update' took 1.2803s | population=3341, buildings=104
2025-06-14 01:58:42 - city_builder.events - [32mINFO[0m - [EVENT] Wydarzenie: Epidemia Grypy
2025-06-14 01:58:47 - city_builder.performance - [36mDEBUG[0m - Operation 'game_update' took 6.4164s | population=3407, buildings=104
2025-06-14 01:58:57 - city_builder.performance - [36mDEBUG[0m - Operation 'game_update' took 1.2384s | population=3435, buildings=104
2025-06-14 01:59:12 - city_builder.performance - [36mDEBUG[0m - Operation 'game_update' took 1.3843s | population=3644, buildings=101
2025-06-14 01:59:27 - city_builder.performance - [36mDEBUG[0m - Operation 'game_update' took 1.2686s | population=3691, buildings=101
2025-06-14 01:59:42 - city_builder.performance - [36mDEBUG[0m - Operation 'game_update' took 1.2862s | population=3737, buildings=101
2025-06-14 01:59:57 - city_builder.performance - [36mDEBUG[0m - Operation 'game_update' took 1.3465s | population=3795, buildings=101
2025-06-14 02:00:12 - city_builder.performance - [36mDEBUG[0m - Operation 'game_update' took 1.3313s | population=3868, buildings=101
