2025-06-20 03:09:13 - city_builder.events - [32mINFO[0m - [INIT] Uruchomienie aplikacji | Data: window_size=1600x1000, map_size=60x60
2025-06-20 03:09:29 - city_builder.performance - [36mDEBUG[0m - Operation 'game_update' took 1.2665s | population=291, buildings=0
2025-06-20 03:09:45 - city_builder.performance - [36mDEBUG[0m - Operation 'game_update' took 2.3212s | population=292, buildings=0
2025-06-20 03:10:00 - city_builder.performance - [36mDEBUG[0m - Operation 'game_update' took 1.2397s | population=435, buildings=4
2025-06-20 03:10:14 - city_builder.performance - [36mDEBUG[0m - Operation 'game_update' took 1.1605s | population=828, buildings=15
2025-06-20 03:10:33 - city_builder.performance - [36mDEBUG[0m - Operation 'game_update' took 4.4360s | population=1134, buildings=23
2025-06-20 03:10:44 - city_builder.performance - [36mDEBUG[0m - Operation 'game_update' took 1.1758s | population=1438, buildings=31
2025-06-20 03:10:59 - city_builder.performance - [36mDEBUG[0m - Operation 'game_update' took 1.1709s | population=1497, buildings=36
2025-06-20 03:11:14 - city_builder.events - [32mINFO[0m - [EVENT] Wydarzenie: Innowacja Technologiczna
2025-06-20 03:11:20 - city_builder.performance - [36mDEBUG[0m - Operation 'game_update' took 6.9934s | population=1522, buildings=36
2025-06-20 03:11:29 - city_builder.performance - [36mDEBUG[0m - Operation 'game_update' took 1.2254s | population=1553, buildings=37
2025-06-20 03:11:45 - city_builder.performance - [36mDEBUG[0m - Operation 'game_update' took 1.2368s | population=1591, buildings=38
2025-06-20 03:11:59 - city_builder.performance - [36mDEBUG[0m - Operation 'game_update' took 1.2657s | population=2209, buildings=46
2025-06-20 03:12:14 - city_builder.performance - [36mDEBUG[0m - Operation 'game_update' took 1.2717s | population=2251, buildings=46
2025-06-20 03:12:29 - city_builder.performance - [36mDEBUG[0m - Operation 'game_update' took 1.2849s | population=2287, buildings=46
2025-06-20 03:12:44 - city_builder.performance - [36mDEBUG[0m - Operation 'game_update' took 1.2158s | population=2331, buildings=46
2025-06-20 03:12:59 - city_builder.performance - [36mDEBUG[0m - Operation 'game_update' took 1.2257s | population=2377, buildings=51
2025-06-20 03:13:14 - city_builder.events - [32mINFO[0m - [EVENT] Wydarzenie: Pożar w Dzielnicy
2025-06-20 03:13:21 - city_builder.performance - [36mDEBUG[0m - Operation 'game_update' took 7.4926s | population=2429, buildings=57
2025-06-20 03:13:29 - city_builder.performance - [36mDEBUG[0m - Operation 'game_update' took 1.1937s | population=2452, buildings=57
2025-06-20 03:13:45 - city_builder.performance - [36mDEBUG[0m - Operation 'game_update' took 1.2715s | population=2505, buildings=59
2025-06-20 03:13:59 - city_builder.performance - [36mDEBUG[0m - Operation 'game_update' took 1.2780s | population=2926, buildings=64
2025-06-20 03:14:14 - city_builder.performance - [36mDEBUG[0m - Operation 'game_update' took 1.2373s | population=3186, buildings=68
2025-06-20 03:14:30 - city_builder.performance - [36mDEBUG[0m - Operation 'game_update' took 1.2244s | population=3242, buildings=70
2025-06-20 03:14:44 - city_builder.performance - [36mDEBUG[0m - Operation 'game_update' took 1.2052s | population=3311, buildings=71
2025-06-20 03:14:59 - city_builder.performance - [36mDEBUG[0m - Operation 'game_update' took 1.2183s | population=3388, buildings=71
2025-06-20 03:15:14 - city_builder.events - [32mINFO[0m - [EVENT] Wydarzenie: Festiwal Miejski
2025-06-20 03:15:17 - city_builder.performance - [36mDEBUG[0m - Operation 'game_update' took 4.2948s | population=3469, buildings=71
2025-06-20 03:15:29 - city_builder.performance - [36mDEBUG[0m - Operation 'game_update' took 1.2084s | population=3578, buildings=71
2025-06-20 03:15:44 - city_builder.performance - [36mDEBUG[0m - Operation 'game_update' took 1.2451s | population=3642, buildings=71
2025-06-20 03:15:59 - city_builder.performance - [36mDEBUG[0m - Operation 'game_update' took 1.2677s | population=3724, buildings=71
2025-06-20 03:16:14 - city_builder.performance - [36mDEBUG[0m - Operation 'game_update' took 1.2309s | population=4285, buildings=78
2025-06-20 03:16:29 - city_builder.performance - [36mDEBUG[0m - Operation 'game_update' took 1.2894s | population=4454, buildings=79
2025-06-20 03:16:44 - city_builder.performance - [36mDEBUG[0m - Operation 'game_update' took 1.2595s | population=4538, buildings=79
2025-06-20 03:16:59 - city_builder.performance - [36mDEBUG[0m - Operation 'game_update' took 1.2566s | population=4638, buildings=79
2025-06-20 03:17:14 - city_builder.events - [32mINFO[0m - [EVENT] Wydarzenie: Festiwal Miejski
2025-06-20 03:17:16 - city_builder.performance - [36mDEBUG[0m - Operation 'game_update' took 3.0366s | population=4701, buildings=79
2025-06-20 03:17:29 - city_builder.performance - [36mDEBUG[0m - Operation 'game_update' took 1.2797s | population=4790, buildings=79
2025-06-20 03:17:44 - city_builder.performance - [36mDEBUG[0m - Operation 'game_update' took 1.2698s | population=4862, buildings=79
2025-06-20 03:17:59 - city_builder.performance - [36mDEBUG[0m - Operation 'game_update' took 1.2520s | population=4929, buildings=79
2025-06-20 03:18:14 - city_builder.performance - [36mDEBUG[0m - Operation 'game_update' took 1.2318s | population=4988, buildings=80
2025-06-20 03:18:29 - city_builder.performance - [36mDEBUG[0m - Operation 'game_update' took 1.2376s | population=5073, buildings=80
2025-06-20 03:18:44 - city_builder.performance - [36mDEBUG[0m - Operation 'game_update' took 1.3002s | population=5172, buildings=80
2025-06-20 03:24:30 - city_builder.events - [32mINFO[0m - [INIT] Uruchomienie aplikacji | Data: window_size=1600x1000, map_size=60x60
2025-06-20 03:24:47 - city_builder.performance - [36mDEBUG[0m - Operation 'game_update' took 1.2729s | population=291, buildings=0
2025-06-20 03:25:03 - city_builder.performance - [36mDEBUG[0m - Operation 'game_update' took 2.3393s | population=651, buildings=10
2025-06-20 03:25:19 - city_builder.performance - [36mDEBUG[0m - Operation 'game_update' took 3.2258s | population=1016, buildings=20
2025-06-20 03:25:32 - city_builder.performance - [36mDEBUG[0m - Operation 'game_update' took 1.3672s | population=1034, buildings=22
2025-06-20 03:25:47 - city_builder.performance - [36mDEBUG[0m - Operation 'game_update' took 1.2389s | population=1343, buildings=30
2025-06-20 03:26:03 - city_builder.performance - [36mDEBUG[0m - Operation 'game_update' took 1.3738s | population=1756, buildings=41
2025-06-20 03:26:17 - city_builder.performance - [36mDEBUG[0m - Operation 'game_update' took 1.3331s | population=1837, buildings=42
2025-06-20 03:26:32 - city_builder.events - [32mINFO[0m - [EVENT] Wydarzenie: Trzęsienie Ziemi
2025-06-20 03:26:37 - city_builder.performance - [36mDEBUG[0m - Operation 'game_update' took 6.4203s | population=1866, buildings=42
2025-06-20 03:26:47 - city_builder.performance - [36mDEBUG[0m - Operation 'game_update' took 1.2482s | population=1909, buildings=42
2025-06-20 03:27:02 - city_builder.performance - [36mDEBUG[0m - Operation 'game_update' took 1.2634s | population=1955, buildings=42
2025-06-20 03:27:17 - city_builder.performance - [36mDEBUG[0m - Operation 'game_update' took 1.2719s | population=2576, buildings=50
2025-06-20 03:27:32 - city_builder.performance - [36mDEBUG[0m - Operation 'game_update' took 1.3705s | population=2787, buildings=57
2025-06-20 03:27:47 - city_builder.performance - [36mDEBUG[0m - Operation 'game_update' took 1.3132s | population=2835, buildings=62
2025-06-20 03:28:02 - city_builder.performance - [36mDEBUG[0m - Operation 'game_update' took 1.2650s | population=2907, buildings=63
2025-06-20 03:28:17 - city_builder.performance - [36mDEBUG[0m - Operation 'game_update' took 1.2500s | population=2972, buildings=63
2025-06-20 03:28:32 - city_builder.events - [32mINFO[0m - [EVENT] Wydarzenie: Trzęsienie Ziemi
2025-06-20 03:28:36 - city_builder.performance - [36mDEBUG[0m - Operation 'game_update' took 5.0462s | population=3037, buildings=63
2025-06-20 03:28:47 - city_builder.performance - [36mDEBUG[0m - Operation 'game_update' took 1.2537s | population=3099, buildings=63
2025-06-20 03:29:02 - city_builder.performance - [36mDEBUG[0m - Operation 'game_update' took 1.3129s | population=3150, buildings=63
2025-06-20 03:29:17 - city_builder.performance - [36mDEBUG[0m - Operation 'game_update' took 1.2680s | population=3199, buildings=63
2025-06-20 03:29:32 - city_builder.performance - [36mDEBUG[0m - Operation 'game_update' took 1.2476s | population=3247, buildings=63
2025-06-20 03:29:47 - city_builder.performance - [36mDEBUG[0m - Operation 'game_update' took 1.2215s | population=3286, buildings=63
2025-06-20 03:30:04 - city_builder.performance - [36mDEBUG[0m - Operation 'game_update' took 3.7819s | population=3468, buildings=61
2025-06-20 03:30:17 - city_builder.performance - [36mDEBUG[0m - Operation 'game_update' took 1.3185s | population=3528, buildings=61
2025-06-20 03:39:01 - city_builder.events - [32mINFO[0m - [INIT] Uruchomienie aplikacji | Data: window_size=1600x1000, map_size=60x60
2025-06-20 03:39:17 - city_builder.performance - [36mDEBUG[0m - Operation 'game_update' took 1.2736s | population=291, buildings=0
2025-06-20 03:39:34 - city_builder.performance - [36mDEBUG[0m - Operation 'game_update' took 2.7015s | population=576, buildings=8
2025-06-20 03:39:49 - city_builder.performance - [36mDEBUG[0m - Operation 'game_update' took 2.5914s | population=909, buildings=17
2025-06-20 03:40:04 - city_builder.performance - [36mDEBUG[0m - Operation 'game_update' took 2.4719s | population=1109, buildings=22
2025-06-20 03:40:17 - city_builder.performance - [36mDEBUG[0m - Operation 'game_update' took 1.2325s | population=1411, buildings=30
2025-06-20 03:40:32 - city_builder.performance - [36mDEBUG[0m - Operation 'game_update' took 1.3425s | population=1472, buildings=31
2025-06-20 03:40:47 - city_builder.performance - [36mDEBUG[0m - Operation 'game_update' took 1.2667s | population=1493, buildings=31
2025-06-20 03:41:02 - city_builder.events - [32mINFO[0m - [EVENT] Wydarzenie: Festiwal Miejski
2025-06-20 03:41:05 - city_builder.performance - [36mDEBUG[0m - Operation 'game_update' took 3.4875s | population=1513, buildings=31
2025-06-20 03:41:18 - city_builder.performance - [36mDEBUG[0m - Operation 'game_update' took 1.2454s | population=1543, buildings=34
2025-06-20 03:41:33 - city_builder.performance - [36mDEBUG[0m - Operation 'game_update' took 1.4286s | population=1576, buildings=39
2025-06-20 03:41:47 - city_builder.performance - [36mDEBUG[0m - Operation 'game_update' took 1.2932s | population=1602, buildings=40
2025-06-20 03:42:02 - city_builder.performance - [36mDEBUG[0m - Operation 'game_update' took 1.3149s | population=1636, buildings=40
2025-06-20 03:42:17 - city_builder.performance - [36mDEBUG[0m - Operation 'game_update' took 1.2927s | population=1669, buildings=43
2025-06-20 03:42:32 - city_builder.performance - [36mDEBUG[0m - Operation 'game_update' took 1.3291s | population=1709, buildings=43
2025-06-20 03:42:47 - city_builder.performance - [36mDEBUG[0m - Operation 'game_update' took 1.2694s | population=1742, buildings=43
2025-06-20 03:43:02 - city_builder.events - [32mINFO[0m - [EVENT] Wydarzenie: Nowa Firma w Mieście
2025-06-20 03:43:05 - city_builder.performance - [36mDEBUG[0m - Operation 'game_update' took 3.9404s | population=1778, buildings=43
2025-06-20 03:43:17 - city_builder.performance - [36mDEBUG[0m - Operation 'game_update' took 1.2872s | population=1851, buildings=43
2025-06-20 03:43:33 - city_builder.performance - [36mDEBUG[0m - Operation 'game_update' took 1.3982s | population=1875, buildings=43
2025-06-20 03:43:47 - city_builder.performance - [36mDEBUG[0m - Operation 'game_update' took 1.2529s | population=1910, buildings=43
2025-06-20 03:44:02 - city_builder.performance - [36mDEBUG[0m - Operation 'game_update' took 1.2788s | population=1941, buildings=43
2025-06-20 03:44:17 - city_builder.performance - [36mDEBUG[0m - Operation 'game_update' took 1.2389s | population=1971, buildings=43
2025-06-20 03:44:32 - city_builder.performance - [36mDEBUG[0m - Operation 'game_update' took 1.2800s | population=2003, buildings=43
2025-06-20 03:44:47 - city_builder.performance - [36mDEBUG[0m - Operation 'game_update' took 1.3098s | population=2040, buildings=43
2025-06-20 03:45:02 - city_builder.events - [32mINFO[0m - [EVENT] Wydarzenie: Dzień Ziemi
2025-06-20 03:45:06 - city_builder.performance - [36mDEBUG[0m - Operation 'game_update' took 5.1245s | population=2070, buildings=44
2025-06-20 03:45:18 - city_builder.performance - [36mDEBUG[0m - Operation 'game_update' took 1.3346s | population=2139, buildings=45
2025-06-20 03:45:32 - city_builder.performance - [36mDEBUG[0m - Operation 'game_update' took 1.3430s | population=2465, buildings=53
2025-06-20 03:45:47 - city_builder.performance - [36mDEBUG[0m - Operation 'game_update' took 1.2732s | population=2499, buildings=53
2025-06-20 03:46:02 - city_builder.performance - [36mDEBUG[0m - Operation 'game_update' took 1.2630s | population=2537, buildings=55
2025-06-20 03:46:17 - city_builder.performance - [36mDEBUG[0m - Operation 'game_update' took 1.3020s | population=2571, buildings=55
2025-06-20 03:46:32 - city_builder.performance - [36mDEBUG[0m - Operation 'game_update' took 1.3926s | population=3044, buildings=61
2025-06-20 03:46:47 - city_builder.performance - [36mDEBUG[0m - Operation 'game_update' took 1.3131s | population=3084, buildings=61
2025-06-20 03:47:02 - city_builder.events - [32mINFO[0m - [EVENT] Wydarzenie: Innowacja Technologiczna
2025-06-20 03:47:06 - city_builder.performance - [36mDEBUG[0m - Operation 'game_update' took 5.3216s | population=3132, buildings=61
2025-06-20 03:52:17 - city_builder.events - [32mINFO[0m - [INIT] Uruchomienie aplikacji | Data: window_size=1600x1000, map_size=60x60
2025-06-20 03:52:34 - city_builder.performance - [36mDEBUG[0m - Operation 'game_update' took 1.3545s | population=291, buildings=0
2025-06-20 03:52:50 - city_builder.performance - [36mDEBUG[0m - Operation 'game_update' took 2.4588s | population=327, buildings=1
2025-06-20 03:53:04 - city_builder.performance - [36mDEBUG[0m - Operation 'game_update' took 1.2594s | population=650, buildings=10
2025-06-20 03:53:20 - city_builder.performance - [36mDEBUG[0m - Operation 'game_update' took 2.5657s | population=980, buildings=19
2025-06-20 03:53:35 - city_builder.performance - [36mDEBUG[0m - Operation 'game_update' took 2.5456s | population=1179, buildings=24
2025-06-20 03:53:49 - city_builder.performance - [36mDEBUG[0m - Operation 'game_update' took 1.3980s | population=1412, buildings=30
2025-06-20 03:54:04 - city_builder.performance - [36mDEBUG[0m - Operation 'game_update' took 1.3414s | population=1472, buildings=34
2025-06-20 03:54:18 - city_builder.events - [32mINFO[0m - [EVENT] Wydarzenie: Dotacja Rządowa
2025-06-20 03:54:21 - city_builder.performance - [36mDEBUG[0m - Operation 'game_update' took 4.0515s | population=1509, buildings=36
2025-06-20 03:54:34 - city_builder.performance - [36mDEBUG[0m - Operation 'game_update' took 1.2669s | population=1529, buildings=37
2025-06-20 03:54:49 - city_builder.performance - [36mDEBUG[0m - Operation 'game_update' took 1.2744s | population=1561, buildings=40
2025-06-20 03:55:04 - city_builder.performance - [36mDEBUG[0m - Operation 'game_update' took 1.3010s | population=1583, buildings=40
2025-06-20 03:55:19 - city_builder.performance - [36mDEBUG[0m - Operation 'game_update' took 1.3847s | population=1819, buildings=44
2025-06-20 03:55:34 - city_builder.performance - [36mDEBUG[0m - Operation 'game_update' took 1.3186s | population=2215, buildings=49
2025-06-20 03:55:48 - city_builder.performance - [36mDEBUG[0m - Operation 'game_update' took 1.2155s | population=2256, buildings=49
2025-06-20 03:56:03 - city_builder.performance - [36mDEBUG[0m - Operation 'game_update' took 1.1935s | population=2288, buildings=49
2025-06-20 03:56:18 - city_builder.events - [32mINFO[0m - [EVENT] Wydarzenie: Protest Mieszkańców
2025-06-20 03:56:23 - city_builder.performance - [36mDEBUG[0m - Operation 'game_update' took 5.4413s | population=2332, buildings=49
2025-06-20 03:56:34 - city_builder.performance - [36mDEBUG[0m - Operation 'game_update' took 1.3410s | population=2407, buildings=49
2025-06-20 03:56:49 - city_builder.performance - [36mDEBUG[0m - Operation 'game_update' took 1.3685s | population=2466, buildings=49
2025-06-20 03:57:03 - city_builder.performance - [36mDEBUG[0m - Operation 'game_update' took 1.2414s | population=2509, buildings=49
2025-06-20 03:57:18 - city_builder.performance - [36mDEBUG[0m - Operation 'game_update' took 1.2532s | population=2563, buildings=49
2025-06-20 03:57:34 - city_builder.performance - [36mDEBUG[0m - Operation 'game_update' took 1.2668s | population=2599, buildings=49
2025-06-20 03:57:49 - city_builder.performance - [36mDEBUG[0m - Operation 'game_update' took 1.2310s | population=2876, buildings=52
2025-06-20 03:58:03 - city_builder.performance - [36mDEBUG[0m - Operation 'game_update' took 1.2293s | population=2923, buildings=54
2025-06-20 03:58:18 - city_builder.events - [32mINFO[0m - [EVENT] Wydarzenie: Festiwal Miejski
2025-06-20 03:58:22 - city_builder.performance - [36mDEBUG[0m - Operation 'game_update' took 4.3228s | population=2974, buildings=57
2025-06-20 03:58:34 - city_builder.performance - [36mDEBUG[0m - Operation 'game_update' took 1.2915s | population=3057, buildings=57
2025-06-20 03:58:48 - city_builder.performance - [36mDEBUG[0m - Operation 'game_update' took 1.2491s | population=3117, buildings=57
2025-06-20 04:04:09 - city_builder.events - [32mINFO[0m - [INIT] Uruchomienie aplikacji | Data: window_size=1600x1000, map_size=60x60
2025-06-20 04:04:26 - city_builder.performance - [36mDEBUG[0m - Operation 'game_update' took 1.3180s | population=291, buildings=0
2025-06-20 04:04:43 - city_builder.performance - [36mDEBUG[0m - Operation 'game_update' took 2.7079s | population=647, buildings=10
2025-06-20 04:04:58 - city_builder.performance - [36mDEBUG[0m - Operation 'game_update' took 3.2206s | population=1018, buildings=20
2025-06-20 04:05:11 - city_builder.performance - [36mDEBUG[0m - Operation 'game_update' took 1.3825s | population=1289, buildings=27
2025-06-20 04:05:26 - city_builder.performance - [36mDEBUG[0m - Operation 'game_update' took 1.2458s | population=1467, buildings=31
2025-06-20 04:05:42 - city_builder.performance - [36mDEBUG[0m - Operation 'game_update' took 1.3701s | population=1494, buildings=37
2025-06-20 04:05:56 - city_builder.performance - [36mDEBUG[0m - Operation 'game_update' took 1.2685s | population=1520, buildings=40
2025-06-20 04:06:11 - city_builder.events - [32mINFO[0m - [EVENT] Wydarzenie: Strajk Pracowników
2025-06-20 04:06:13 - city_builder.performance - [36mDEBUG[0m - Operation 'game_update' took 3.3472s | population=1549, buildings=44
2025-06-20 04:06:26 - city_builder.performance - [36mDEBUG[0m - Operation 'game_update' took 1.2269s | population=1596, buildings=44
2025-06-20 04:06:41 - city_builder.performance - [36mDEBUG[0m - Operation 'game_update' took 1.2778s | population=2337, buildings=54
2025-06-20 04:06:56 - city_builder.performance - [36mDEBUG[0m - Operation 'game_update' took 1.2497s | population=2831, buildings=60
2025-06-20 04:07:11 - city_builder.performance - [36mDEBUG[0m - Operation 'game_update' took 1.3332s | population=2905, buildings=62
2025-06-20 04:07:26 - city_builder.performance - [36mDEBUG[0m - Operation 'game_update' took 1.3175s | population=2958, buildings=65
2025-06-20 04:07:41 - city_builder.performance - [36mDEBUG[0m - Operation 'game_update' took 1.3355s | population=3001, buildings=68
2025-06-20 04:07:57 - city_builder.performance - [36mDEBUG[0m - Operation 'game_update' took 2.6975s | population=3046, buildings=68
2025-06-20 04:08:11 - city_builder.events - [32mINFO[0m - [EVENT] Wydarzenie: Festiwal Miejski
2025-06-20 04:08:13 - city_builder.performance - [36mDEBUG[0m - Operation 'game_update' took 3.4685s | population=3109, buildings=68
2025-06-20 04:08:26 - city_builder.performance - [36mDEBUG[0m - Operation 'game_update' took 1.3053s | population=3231, buildings=68
2025-06-20 04:08:41 - city_builder.performance - [36mDEBUG[0m - Operation 'game_update' took 1.3281s | population=3314, buildings=68
2025-06-20 04:08:56 - city_builder.performance - [36mDEBUG[0m - Operation 'game_update' took 1.2670s | population=3387, buildings=68
2025-06-20 04:09:12 - city_builder.performance - [36mDEBUG[0m - Operation 'game_update' took 1.3359s | population=3469, buildings=72
2025-06-20 04:09:26 - city_builder.performance - [36mDEBUG[0m - Operation 'game_update' took 1.3024s | population=3528, buildings=76
2025-06-20 04:09:41 - city_builder.performance - [36mDEBUG[0m - Operation 'game_update' took 1.3099s | population=3586, buildings=76
2025-06-20 04:09:56 - city_builder.performance - [36mDEBUG[0m - Operation 'game_update' took 1.2911s | population=3644, buildings=76
2025-06-20 04:10:11 - city_builder.events - [32mINFO[0m - [EVENT] Wydarzenie: Protest Mieszkańców
2025-06-20 04:10:14 - city_builder.performance - [36mDEBUG[0m - Operation 'game_update' took 4.4383s | population=3714, buildings=76
2025-06-20 04:10:26 - city_builder.performance - [36mDEBUG[0m - Operation 'game_update' took 1.3574s | population=3791, buildings=76
2025-06-20 04:10:41 - city_builder.performance - [36mDEBUG[0m - Operation 'game_update' took 1.2692s | population=3846, buildings=76
2025-06-20 04:17:40 - city_builder.events - [32mINFO[0m - [INIT] Uruchomienie aplikacji | Data: window_size=1600x1000, map_size=60x60
2025-06-20 04:17:57 - city_builder.performance - [36mDEBUG[0m - Operation 'game_update' took 1.2605s | population=504, buildings=6
2025-06-20 04:18:13 - city_builder.performance - [36mDEBUG[0m - Operation 'game_update' took 2.3780s | population=617, buildings=9
2025-06-20 04:18:27 - city_builder.performance - [36mDEBUG[0m - Operation 'game_update' took 1.3033s | population=841, buildings=15
2025-06-20 04:18:45 - city_builder.performance - [36mDEBUG[0m - Operation 'game_update' took 3.7135s | population=1319, buildings=28
2025-06-20 04:18:57 - city_builder.performance - [36mDEBUG[0m - Operation 'game_update' took 1.2681s | population=1636, buildings=36
2025-06-20 04:19:12 - city_builder.performance - [36mDEBUG[0m - Operation 'game_update' took 1.3266s | population=1671, buildings=42
2025-06-20 04:19:27 - city_builder.performance - [36mDEBUG[0m - Operation 'game_update' took 1.3170s | population=1704, buildings=43
2025-06-20 21:27:23 - city_builder.events - [32mINFO[0m - [INIT] Uruchomienie aplikacji | Data: window_size=1600x1000, map_size=60x60
2025-06-20 21:31:07 - city_builder.events - [32mINFO[0m - [INIT] Uruchomienie aplikacji | Data: window_size=1600x1000, map_size=60x60
2025-06-20 21:31:23 - city_builder.performance - [36mDEBUG[0m - Operation 'game_update' took 1.4460s | population=291, buildings=0
2025-06-20 21:31:40 - city_builder.performance - [36mDEBUG[0m - Operation 'game_update' took 2.5981s | population=469, buildings=5
2025-06-20 21:31:53 - city_builder.performance - [36mDEBUG[0m - Operation 'game_update' took 1.3106s | population=473, buildings=5
2025-06-20 21:32:08 - city_builder.performance - [36mDEBUG[0m - Operation 'game_update' took 1.2831s | population=476, buildings=5
2025-06-20 21:32:23 - city_builder.performance - [36mDEBUG[0m - Operation 'game_update' took 1.2909s | population=479, buildings=5
2025-06-20 21:32:38 - city_builder.performance - [36mDEBUG[0m - Operation 'game_update' took 1.2780s | population=482, buildings=5
2025-06-20 21:32:53 - city_builder.performance - [36mDEBUG[0m - Operation 'game_update' took 1.2731s | population=485, buildings=5
2025-06-20 21:33:08 - city_builder.events - [32mINFO[0m - [EVENT] Wydarzenie: Festiwal Miejski
2025-06-20 21:33:11 - city_builder.performance - [36mDEBUG[0m - Operation 'game_update' took 4.5294s | population=488, buildings=5
2025-06-20 21:33:23 - city_builder.performance - [36mDEBUG[0m - Operation 'game_update' took 1.1919s | population=502, buildings=5
2025-06-20 21:33:38 - city_builder.performance - [36mDEBUG[0m - Operation 'game_update' took 1.2214s | population=506, buildings=5
2025-06-20 21:33:53 - city_builder.performance - [36mDEBUG[0m - Operation 'game_update' took 1.2197s | population=509, buildings=5
2025-06-20 21:34:08 - city_builder.performance - [36mDEBUG[0m - Operation 'game_update' took 1.2362s | population=512, buildings=5
2025-06-20 21:34:23 - city_builder.performance - [36mDEBUG[0m - Operation 'game_update' took 1.2165s | population=515, buildings=5
2025-06-20 21:34:38 - city_builder.performance - [36mDEBUG[0m - Operation 'game_update' took 1.2329s | population=518, buildings=5
2025-06-20 21:34:53 - city_builder.performance - [36mDEBUG[0m - Operation 'game_update' took 1.2008s | population=521, buildings=5
2025-06-20 21:35:09 - city_builder.events - [32mINFO[0m - [EVENT] Wydarzenie: Protest Mieszkańców
2025-06-20 21:35:11 - city_builder.performance - [36mDEBUG[0m - Operation 'game_update' took 3.4277s | population=631, buildings=8
2025-06-20 21:41:26 - city_builder.events - [32mINFO[0m - [INIT] Uruchomienie aplikacji | Data: window_size=1600x1000, map_size=60x60
2025-06-20 21:43:52 - city_builder.events - [32mINFO[0m - [INIT] Uruchomienie aplikacji | Data: window_size=1600x1000, map_size=60x60
2025-06-20 21:44:09 - city_builder.performance - [36mDEBUG[0m - Operation 'game_update' took 1.3242s | population=397, buildings=3
2025-06-20 21:44:26 - city_builder.performance - [36mDEBUG[0m - Operation 'game_update' took 3.6691s | population=472, buildings=5
