2025-06-13 02:44:32 - INFO - [INIT] Uruchomienie aplikacji | Data: window_size=1600x1000, map_size=60x60
2025-06-13 03:02:23 - INFO - [INIT] Uruchomienie aplikacji | Data: window_size=1600x1000, map_size=60x60
2025-06-13 03:56:52 - INFO - [INIT] Uruchomienie aplikacji | Data: window_size=1600x1000, map_size=60x60
2025-06-13 03:58:55 - INFO - [EVENT] Wydarzenie: Dotacja Rządowa
2025-06-13 04:00:54 - INFO - [EVENT] Wydarzenie: Festiwal Miejski
2025-06-13 04:04:25 - INFO - [INIT] Uruchomienie aplikacji | Data: window_size=1600x1000, map_size=60x60
2025-06-14 01:00:41 - INFO - [INIT] Uruchomienie aplikacji | Data: window_size=1600x1000, map_size=60x60
2025-06-14 01:05:02 - INFO - [INIT] Uruchomienie aplikacji | Data: window_size=1600x1000, map_size=60x60
2025-06-14 01:15:47 - INFO - [INIT] Uruchomienie aplikacji | Data: window_size=1600x1000, map_size=60x60
2025-06-14 01:17:48 - INFO - [EVENT] Wydarzenie: Strajk Pracowników
2025-06-14 01:40:12 - INFO - [INIT] Uruchomienie aplikacji | Data: window_size=1600x1000, map_size=60x60
2025-06-14 01:42:28 - INFO - [EVENT] Wydarzenie: Pożar w Dzielnicy
2025-06-14 01:44:28 - INFO - [EVENT] Wydarzenie: Pożar w Dzielnicy
2025-06-14 01:46:28 - INFO - [EVENT] Wydarzenie: Protest Mieszkańców
2025-06-14 01:50:40 - INFO - [INIT] Uruchomienie aplikacji | Data: window_size=1600x1000, map_size=60x60
2025-06-14 01:52:43 - INFO - [EVENT] Wydarzenie: Protest Mieszkańców
2025-06-14 01:54:42 - INFO - [EVENT] Wydarzenie: Fala Upałów
2025-06-14 01:56:42 - INFO - [EVENT] Wydarzenie: Pożar w Dzielnicy
2025-06-14 01:58:42 - INFO - [EVENT] Wydarzenie: Epidemia Grypy
2025-06-17 16:32:56 - INFO - [INIT] Uruchomienie aplikacji | Data: window_size=1600x1000, map_size=60x60
2025-06-19 02:08:00 - INFO - [INIT] Uruchomienie aplikacji | Data: window_size=1600x1000, map_size=60x60
2025-06-19 02:10:02 - INFO - [EVENT] Wydarzenie: Nowa Firma w Mieście
2025-06-19 02:12:02 - INFO - [EVENT] Wydarzenie: Strajk Pracowników
2025-06-19 02:23:28 - INFO - [INIT] Uruchomienie aplikacji | Data: window_size=1600x1000, map_size=60x60
2025-06-19 02:26:58 - INFO - [INIT] Uruchomienie aplikacji | Data: window_size=1600x1000, map_size=60x60
2025-06-20 03:09:13 - INFO - [INIT] Uruchomienie aplikacji | Data: window_size=1600x1000, map_size=60x60
2025-06-20 03:11:14 - INFO - [EVENT] Wydarzenie: Innowacja Technologiczna
2025-06-20 03:13:14 - INFO - [EVENT] Wydarzenie: Pożar w Dzielnicy
2025-06-20 03:15:14 - INFO - [EVENT] Wydarzenie: Festiwal Miejski
2025-06-20 03:17:14 - INFO - [EVENT] Wydarzenie: Festiwal Miejski
2025-06-20 03:24:30 - INFO - [INIT] Uruchomienie aplikacji | Data: window_size=1600x1000, map_size=60x60
2025-06-20 03:26:32 - INFO - [EVENT] Wydarzenie: Trzęsienie Ziemi
2025-06-20 03:28:32 - INFO - [EVENT] Wydarzenie: Trzęsienie Ziemi
2025-06-20 03:39:01 - INFO - [INIT] Uruchomienie aplikacji | Data: window_size=1600x1000, map_size=60x60
2025-06-20 03:41:02 - INFO - [EVENT] Wydarzenie: Festiwal Miejski
2025-06-20 03:43:02 - INFO - [EVENT] Wydarzenie: Nowa Firma w Mieście
2025-06-20 03:45:02 - INFO - [EVENT] Wydarzenie: Dzień Ziemi
2025-06-20 03:47:02 - INFO - [EVENT] Wydarzenie: Innowacja Technologiczna
2025-06-20 03:52:17 - INFO - [INIT] Uruchomienie aplikacji | Data: window_size=1600x1000, map_size=60x60
2025-06-20 03:54:18 - INFO - [EVENT] Wydarzenie: Dotacja Rządowa
2025-06-20 03:56:18 - INFO - [EVENT] Wydarzenie: Protest Mieszkańców
2025-06-20 03:58:18 - INFO - [EVENT] Wydarzenie: Festiwal Miejski
2025-06-20 04:04:09 - INFO - [INIT] Uruchomienie aplikacji | Data: window_size=1600x1000, map_size=60x60
2025-06-20 04:06:11 - INFO - [EVENT] Wydarzenie: Strajk Pracowników
2025-06-20 04:08:11 - INFO - [EVENT] Wydarzenie: Festiwal Miejski
2025-06-20 04:10:11 - INFO - [EVENT] Wydarzenie: Protest Mieszkańców
2025-06-20 04:17:40 - INFO - [INIT] Uruchomienie aplikacji | Data: window_size=1600x1000, map_size=60x60
2025-06-20 21:27:23 - INFO - [INIT] Uruchomienie aplikacji | Data: window_size=1600x1000, map_size=60x60
2025-06-20 21:31:07 - INFO - [INIT] Uruchomienie aplikacji | Data: window_size=1600x1000, map_size=60x60
2025-06-20 21:33:08 - INFO - [EVENT] Wydarzenie: Festiwal Miejski
2025-06-20 21:35:09 - INFO - [EVENT] Wydarzenie: Protest Mieszkańców
2025-06-20 21:41:26 - INFO - [INIT] Uruchomienie aplikacji | Data: window_size=1600x1000, map_size=60x60
2025-06-20 21:43:52 - INFO - [INIT] Uruchomienie aplikacji | Data: window_size=1600x1000, map_size=60x60
2025-06-21 05:27:01 - INFO - [INIT] Uruchomienie aplikacji | Data: window_size=1600x1000, map_size=60x60
2025-06-25 20:50:50 - INFO - [INIT] Uruchomienie aplikacji | Data: window_size=1600x1000, map_size=60x60
2025-06-25 20:55:55 - INFO - [INIT] Uruchomienie aplikacji | Data: window_size=1600x1000, map_size=60x60
2025-06-25 21:00:35 - INFO - [INIT] Uruchomienie aplikacji | Data: window_size=1600x1000, map_size=60x60
2025-06-25 21:02:04 - INFO - [INIT] Uruchomienie aplikacji | Data: window_size=1600x1000, map_size=60x60
2025-06-25 21:04:04 - INFO - [INIT] Uruchomienie aplikacji | Data: window_size=1600x1000, map_size=60x60
2025-06-25 21:07:08 - INFO - [INIT] Uruchomienie aplikacji | Data: window_size=1600x1000, map_size=60x60
2025-06-25 21:09:06 - INFO - [INIT] Uruchomienie aplikacji | Data: window_size=1600x1000, map_size=60x60
2025-06-25 21:10:50 - INFO - [INIT] Uruchomienie aplikacji | Data: window_size=1600x1000, map_size=60x60
2025-06-25 21:14:40 - INFO - [INIT] Uruchomienie aplikacji | Data: window_size=1600x1000, map_size=60x60
2025-06-25 21:16:46 - INFO - [INIT] Uruchomienie aplikacji | Data: window_size=1600x1000, map_size=60x60
2025-06-25 21:18:48 - INFO - [INIT] Uruchomienie aplikacji | Data: window_size=1600x1000, map_size=60x60
2025-06-25 21:53:05 - INFO - [INIT] Uruchomienie aplikacji | Data: window_size=1600x1000, map_size=60x60
2025-06-25 22:02:40 - INFO - [INIT] Uruchomienie aplikacji | Data: window_size=1600x1000, map_size=60x60
2025-06-25 22:06:35 - INFO - [INIT] Uruchomienie aplikacji | Data: window_size=1600x1000, map_size=60x60
2025-06-25 22:07:10 - INFO - [EVENT] Wydarzenie: Protest Mieszkańców
2025-06-25 22:19:06 - INFO - [INIT] Uruchomienie aplikacji | Data: window_size=1600x1000, map_size=60x60
2025-06-25 22:19:06 - INFO - [INIT] Uruchomienie aplikacji | Data: window_size=1600x1000, map_size=60x60
2025-06-25 22:19:49 - INFO - [INIT] Uruchomienie aplikacji | Data: window_size=1600x1000, map_size=60x60
2025-06-25 22:19:49 - INFO - [INIT] Uruchomienie aplikacji | Data: window_size=1600x1000, map_size=60x60
2025-06-25 22:31:45 - INFO - [INIT] Uruchomienie aplikacji | Data: window_size=1600x1000, map_size=60x60
2025-06-25 22:31:45 - INFO - [INIT] Uruchomienie aplikacji | Data: window_size=1600x1000, map_size=60x60
2025-06-25 22:39:11 - INFO - [INIT] Uruchomienie aplikacji | Data: window_size=1600x1000, map_size=60x60
2025-06-25 22:40:42 - INFO - [EVENT] Wydarzenie: Fala Upałów
